{"name":"feature","status":"broken","statusDetails":{"known":false,"muted":false,"flaky":false,"message":"org.openqa.selenium.NoSuchElementException: no such element: Unable to locate element: {\"method\":\"css selector\",\"selector\":\"facebook.post.button\"}\n  (Session info: chrome=90.0.4430.212)\nFor documentation on this error, please visit: http://seleniumhq.org/exceptions/no_such_element.html\nBuild info: version: '3.11.0', revision: 'e59cfb3', time: '2018-03-11T20:26:55.152Z'\nSystem info: host: 'wikiwoos-MacBook-Pro.local', ip: 'fe80:0:0:0:14ab:cd75:c96e:b06b%en0', os.name: 'Mac OS X', os.arch: 'x86_64', os.version: '11.1', java.version: '15.0.2'\nDriver info: org.openqa.selenium.chrome.ChromeDriver\nCapabilities {acceptInsecureCerts: false, browserName: chrome, browserVersion: 90.0.4430.212, chrome: {chromedriverVersion: 90.0.4430.24 (4c6d850f087da..., userDataDir: /var/folders/8y/nzkkmbbs2cb...}, goog:chromeOptions: {debuggerAddress: localhost:53516}, javascriptEnabled: true, networkConnectionEnabled: false, pageLoadStrategy: normal, platform: MAC, platformName: MAC, proxy: Proxy(), setWindowRect: true, strictFileInteractability: false, timeouts: {implicit: 0, pageLoad: 300000, script: 30000}, unhandledPromptBehavior: dismiss and notify, webauthn:extension:largeBlob: true, webauthn:virtualAuthenticators: true}\nSession ID: 0ccb5fa3a6e817e32ac7c28a707966d9\n*** Element info: {Using=css selector, value=facebook.post.button}","trace":"cucumber.runtime.CucumberException: org.openqa.selenium.NoSuchElementException: no such element: Unable to locate element: {\"method\":\"css selector\",\"selector\":\"facebook.post.button\"}\n  (Session info: chrome=90.0.4430.212)\nFor documentation on this error, please visit: http://seleniumhq.org/exceptions/no_such_element.html\nBuild info: version: '3.11.0', revision: 'e59cfb3', time: '2018-03-11T20:26:55.152Z'\nSystem info: host: 'wikiwoos-MacBook-Pro.local', ip: 'fe80:0:0:0:14ab:cd75:c96e:b06b%en0', os.name: 'Mac OS X', os.arch: 'x86_64', os.version: '11.1', java.version: '15.0.2'\nDriver info: org.openqa.selenium.chrome.ChromeDriver\nCapabilities {acceptInsecureCerts: false, browserName: chrome, browserVersion: 90.0.4430.212, chrome: {chromedriverVersion: 90.0.4430.24 (4c6d850f087da..., userDataDir: /var/folders/8y/nzkkmbbs2cb...}, goog:chromeOptions: {debuggerAddress: localhost:53516}, javascriptEnabled: true, networkConnectionEnabled: false, pageLoadStrategy: normal, platform: MAC, platformName: MAC, proxy: Proxy(), setWindowRect: true, strictFileInteractability: false, timeouts: {implicit: 0, pageLoad: 300000, script: 30000}, unhandledPromptBehavior: dismiss and notify, webauthn:extension:largeBlob: true, webauthn:virtualAuthenticators: true}\nSession ID: 0ccb5fa3a6e817e32ac7c28a707966d9\n*** Element info: {Using=css selector, value=facebook.post.button}\n\tat cucumber.api.testng.TestNGCucumberRunner.runCucumber(TestNGCucumberRunner.java:69)\n\tat com.fblogin.testrunner.TestRunners.feature(TestRunners.java:38)\n\tat java.base/jdk.internal.reflect.NativeMethodAccessorImpl.invoke0(Native Method)\n\tat java.base/jdk.internal.reflect.NativeMethodAccessorImpl.invoke(NativeMethodAccessorImpl.java:64)\n\tat java.base/jdk.internal.reflect.DelegatingMethodAccessorImpl.invoke(DelegatingMethodAccessorImpl.java:43)\n\tat java.base/java.lang.reflect.Method.invoke(Method.java:564)\n\tat org.testng.internal.MethodInvocationHelper.invokeMethod(MethodInvocationHelper.java:124)\n\tat org.testng.internal.Invoker.invokeMethod(Invoker.java:583)\n\tat org.testng.internal.Invoker.invokeTestMethod(Invoker.java:719)\n\tat org.testng.internal.Invoker.invokeTestMethods(Invoker.java:989)\n\tat org.testng.internal.TestMethodWorker.invokeTestMethods(TestMethodWorker.java:125)\n\tat org.testng.internal.TestMethodWorker.run(TestMethodWorker.java:109)\n\tat org.testng.TestRunner.privateRun(TestRunner.java:648)\n\tat org.testng.TestRunner.run(TestRunner.java:505)\n\tat org.testng.SuiteRunner.runTest(SuiteRunner.java:455)\n\tat org.testng.SuiteRunner.runSequentially(SuiteRunner.java:450)\n\tat org.testng.SuiteRunner.privateRun(SuiteRunner.java:415)\n\tat org.testng.SuiteRunner.run(SuiteRunner.java:364)\n\tat org.testng.SuiteRunnerWorker.runSuite(SuiteRunnerWorker.java:52)\n\tat org.testng.SuiteRunnerWorker.run(SuiteRunnerWorker.java:84)\n\tat org.testng.TestNG.runSuitesSequentially(TestNG.java:1208)\n\tat org.testng.TestNG.runSuitesLocally(TestNG.java:1137)\n\tat org.testng.TestNG.runSuites(TestNG.java:1049)\n\tat org.testng.TestNG.run(TestNG.java:1017)\n\tat com.intellij.rt.testng.IDEARemoteTestNG.run(IDEARemoteTestNG.java:66)\n\tat com.intellij.rt.testng.RemoteTestNGStarter.main(RemoteTestNGStarter.java:109)\nCaused by: org.openqa.selenium.NoSuchElementException: no such element: Unable to locate element: {\"method\":\"css selector\",\"selector\":\"facebook.post.button\"}\n  (Session info: chrome=90.0.4430.212)\nFor documentation on this error, please visit: http://seleniumhq.org/exceptions/no_such_element.html\nBuild info: version: '3.11.0', revision: 'e59cfb3', time: '2018-03-11T20:26:55.152Z'\nSystem info: host: 'wikiwoos-MacBook-Pro.local', ip: 'fe80:0:0:0:14ab:cd75:c96e:b06b%en0', os.name: 'Mac OS X', os.arch: 'x86_64', os.version: '11.1', java.version: '15.0.2'\nDriver info: org.openqa.selenium.chrome.ChromeDriver\nCapabilities {acceptInsecureCerts: false, browserName: chrome, browserVersion: 90.0.4430.212, chrome: {chromedriverVersion: 90.0.4430.24 (4c6d850f087da..., userDataDir: /var/folders/8y/nzkkmbbs2cb...}, goog:chromeOptions: {debuggerAddress: localhost:53516}, javascriptEnabled: true, networkConnectionEnabled: false, pageLoadStrategy: normal, platform: MAC, platformName: MAC, proxy: Proxy(), setWindowRect: true, strictFileInteractability: false, timeouts: {implicit: 0, pageLoad: 300000, script: 30000}, unhandledPromptBehavior: dismiss and notify, webauthn:extension:largeBlob: true, webauthn:virtualAuthenticators: true}\nSession ID: 0ccb5fa3a6e817e32ac7c28a707966d9\n*** Element info: {Using=css selector, value=facebook.post.button}\n\tat java.base/jdk.internal.reflect.NativeConstructorAccessorImpl.newInstance0(Native Method)\n\tat java.base/jdk.internal.reflect.NativeConstructorAccessorImpl.newInstance(NativeConstructorAccessorImpl.java:64)\n\tat java.base/jdk.internal.reflect.DelegatingConstructorAccessorImpl.newInstance(DelegatingConstructorAccessorImpl.java:45)\n\tat java.base/java.lang.reflect.Constructor.newInstanceWithCaller(Constructor.java:500)\n\tat java.base/java.lang.reflect.Constructor.newInstance(Constructor.java:481)\n\tat org.openqa.selenium.remote.http.W3CHttpResponseCodec.createException(W3CHttpResponseCodec.java:187)\n\tat org.openqa.selenium.remote.http.W3CHttpResponseCodec.decode(W3CHttpResponseCodec.java:122)\n\tat org.openqa.selenium.remote.http.W3CHttpResponseCodec.decode(W3CHttpResponseCodec.java:49)\n\tat org.openqa.selenium.remote.HttpCommandExecutor.execute(HttpCommandExecutor.java:158)\n\tat org.openqa.selenium.remote.service.DriverCommandExecutor.execute(DriverCommandExecutor.java:83)\n\tat org.openqa.selenium.remote.RemoteWebDriver.execute(RemoteWebDriver.java:545)\n\tat org.openqa.selenium.remote.RemoteWebDriver.findElement(RemoteWebDriver.java:319)\n\tat org.openqa.selenium.remote.RemoteWebDriver.findElementByCssSelector(RemoteWebDriver.java:413)\n\tat org.openqa.selenium.By$ByCssSelector.findElement(By.java:430)\n\tat org.openqa.selenium.remote.RemoteWebDriver.findElement(RemoteWebDriver.java:311)\n\tat com.fblogin.tests.testcases.TestCases.shared(TestCases.java:93)\n\tat com.fblogin.tests.testcases.TestCases.clickPostbutton(TestCases.java:84)\n\tat com.fblogin.stepsdefinition.FacebookStepDefinition.click_on_the_post_button(FacebookStepDefinition.java:55)\n\tat âœ½.Then click on the post button(FacebookLogin.feature:18)\n"},"stage":"finished","steps":[],"attachments":[],"parameters":[{"name":"arg0","value":"Facebook wrong password login failure validation"}],"start":1621731855124,"stop":1621731878497,"uuid":"7afeaacb-48e3-4492-a058-8a2289a759eb","historyId":"7de3436529f22bd50b51ed9e5eafd264","fullName":"com.fblogin.testrunner.TestRunners.feature","labels":[{"name":"package","value":"com.fblogin.testrunner.TestRunners"},{"name":"testClass","value":"com.fblogin.testrunner.TestRunners"},{"name":"testMethod","value":"feature"},{"name":"parentSuite","value":"All Test Suite"},{"name":"suite","value":"/Users/kehindeadeoya/Documents/projects/FBLogin/src/com/fblogin/testrunner/TestRunner.java"},{"name":"subSuite","value":"com.fblogin.testrunner.TestRunners"},{"name":"host","value":"wikiwoos-MacBook-Pro.local"},{"name":"thread","value":"69653@wikiwoos-MacBook-Pro.local.main(1)"},{"name":"framework","value":"testng"},{"name":"language","value":"java"}],"links":[]}