{"name":"feature","status":"broken","statusDetails":{"known":false,"muted":false,"flaky":false,"message":"java.lang.NullPointerException: Cannot invoke \"java.lang.CharSequence.toString()\" because \"s\" is null","trace":"cucumber.runtime.CucumberException: java.lang.NullPointerException: Cannot invoke \"java.lang.CharSequence.toString()\" because \"s\" is null\n\tat cucumber.api.testng.TestNGCucumberRunner.runCucumber(TestNGCucumberRunner.java:69)\n\tat com.fblogin.testrunner.TestRunners.feature(TestRunners.java:38)\n\tat java.base/jdk.internal.reflect.NativeMethodAccessorImpl.invoke0(Native Method)\n\tat java.base/jdk.internal.reflect.NativeMethodAccessorImpl.invoke(NativeMethodAccessorImpl.java:64)\n\tat java.base/jdk.internal.reflect.DelegatingMethodAccessorImpl.invoke(DelegatingMethodAccessorImpl.java:43)\n\tat java.base/java.lang.reflect.Method.invoke(Method.java:564)\n\tat org.testng.internal.MethodInvocationHelper.invokeMethod(MethodInvocationHelper.java:124)\n\tat org.testng.internal.Invoker.invokeMethod(Invoker.java:583)\n\tat org.testng.internal.Invoker.invokeTestMethod(Invoker.java:719)\n\tat org.testng.internal.Invoker.invokeTestMethods(Invoker.java:989)\n\tat org.testng.internal.TestMethodWorker.invokeTestMethods(TestMethodWorker.java:125)\n\tat org.testng.internal.TestMethodWorker.run(TestMethodWorker.java:109)\n\tat org.testng.TestRunner.privateRun(TestRunner.java:648)\n\tat org.testng.TestRunner.run(TestRunner.java:505)\n\tat org.testng.SuiteRunner.runTest(SuiteRunner.java:455)\n\tat org.testng.SuiteRunner.runSequentially(SuiteRunner.java:450)\n\tat org.testng.SuiteRunner.privateRun(SuiteRunner.java:415)\n\tat org.testng.SuiteRunner.run(SuiteRunner.java:364)\n\tat org.testng.SuiteRunnerWorker.runSuite(SuiteRunnerWorker.java:52)\n\tat org.testng.SuiteRunnerWorker.run(SuiteRunnerWorker.java:84)\n\tat org.testng.TestNG.runSuitesSequentially(TestNG.java:1208)\n\tat org.testng.TestNG.runSuitesLocally(TestNG.java:1137)\n\tat org.testng.TestNG.runSuites(TestNG.java:1049)\n\tat org.testng.TestNG.run(TestNG.java:1017)\n\tat com.intellij.rt.testng.IDEARemoteTestNG.run(IDEARemoteTestNG.java:66)\n\tat com.intellij.rt.testng.RemoteTestNGStarter.main(RemoteTestNGStarter.java:109)\nCaused by: java.lang.NullPointerException: Cannot invoke \"java.lang.CharSequence.toString()\" because \"s\" is null\n\tat java.base/java.lang.String.contains(String.java:2052)\n\tat com.fblogin.tests.testcases.TestCases.homepageRedirect(TestCases.java:66)\n\tat com.fblogin.stepsdefinition.FacebookStepDefinition.itShallRedirectToTheHomepage(FacebookStepDefinition.java:45)\n\tat âœ½.And It shall redirect to the homepage(FacebookLogin.feature:15)\n"},"stage":"finished","steps":[],"attachments":[],"parameters":[{"name":"arg0","value":"Facebook wrong password login failure validation"}],"start":1621716450203,"stop":1621716464443,"uuid":"974075f4-9547-4677-a651-0f809306601d","historyId":"7de3436529f22bd50b51ed9e5eafd264","fullName":"com.fblogin.testrunner.TestRunners.feature","labels":[{"name":"package","value":"com.fblogin.testrunner.TestRunners"},{"name":"testClass","value":"com.fblogin.testrunner.TestRunners"},{"name":"testMethod","value":"feature"},{"name":"parentSuite","value":"All Test Suite"},{"name":"suite","value":"/Users/kehindeadeoya/Documents/projects/FBLogin/src/com/fblogin/testrunner/TestRunner.java"},{"name":"subSuite","value":"com.fblogin.testrunner.TestRunners"},{"name":"host","value":"wikiwoos-MacBook-Pro.local"},{"name":"thread","value":"29204@wikiwoos-MacBook-Pro.local.main(1)"},{"name":"framework","value":"testng"},{"name":"language","value":"java"}],"links":[]}